   240       133
   360       250
   474       396
   599       585
   720       637
   840      1045
   960      1212
  1080      1543
  1196      1780
  1320      2005
  1436      2274
  1560      2446
  1680      1985
  1800      2368
  1920      2791
  2038      3620
  2160      3763
  2278      3444
  2400      4158
  2516      5869
  2640      6368
  2753      5384
  2876      7449
  3000      6471
  3114      8540
  3240      7217
  3360      9685
  3476      6759
  3599      8518
  3714      8911
  3840     12345
  3960      9787
  4079     11018
  4196     12033
  4319     12740
  4440     12471
  4558     15251
  4678     13353
  4798     15998
  4920     13395
  5040     13699
  5160     14552
  5280     14972
  5400     15825
  5520     16512
  5639     17379
  5757     17596
  5879     18350
  6000     18976
  6115     19601
  6240     20076
  6354     20515
  6480     21670
  6600     22312
  6716     22647
  6839     23437
  6960     24164
  7080     24723
  7199     25454
  7320     26092
  7440     26912
  7557     27521
  7677     28015
  7800     28885
  7919     29483
  8040     30115
  8160     31236
  8280     31975
  8400     30835
  8520     31565
  8639     32380
  8760     32760
  8879     33590
  8996     34553
  9119     35185
  9239     36146
  9358     36815
  9480     39630
  9596     43022
  9720     41219
  9840     41596
  9960     42354
 10080     43352
 10200     43915
