   240       114
   359       174
   478       241
   600       311
   720       399
   840       494
   960       599
  1080       799
  1200       931
  1320       911
  1440      1016
  1560      1143
  1680      1281
  1800      1459
  1918      1617
  2039      1763
  2159      1913
  2279      2071
  2399      2240
  2518      2412
  2640      2600
  2760      2792
  2877      3008
  2999      3220
  3119      3405
  3239      3637
  3359      3859
  3480      4094
  3600      4328
  3717      4571
  3838      4840
  3960      5098
  4080      5349
  4200      5617
  4320      5891
  4440      6147
  4560      6444
  4680      6745
  4800      7057
  4918      7317
  5039      7637
  5160     12833
  5280     10098
  5397      8666
  5520      8999
  5639      9376
  5758      9727
  5880      9996
  6000     10427
  6118     10868
  6240     12218
  6359     14010
  6478     14838
  6593     16135
  6719     16503
  6840     13267
  6960     13648
  7080     14118
  7199     14525
  7320     14803
  7439     15378
  7558     15871
  7680     57530
  7800     59550
  7916     61091
  8039     63004
  8160     61136
  8279     62803
  8398     68671
  8520     71001
  8638     71537
  8759     74757
  8880     77164
  9000     78963
  9119     80982
  9239     83142
  9357     85292
  9480     88190
  9600     90343
  9718     86710
  9840     88818
  9954     91034
 10079     93350
 10197     95592
